# JRE version: OpenJDK Runtime Environment (11.0.5+10) (build 11.0.5+10)
# Java VM: OpenJDK 64-Bit Server VM (11.0.5+10, mixed mode, tiered, compressed oops, g1 gc, windows-amd64)
Heap:
 garbage-first heap   total 126976K, used 91066K [0x0000000086600000, 0x0000000100000000)
  region size 1024K, 17 young (17408K), 3 survivors (3072K)
 Metaspace       used 58528K, capacity 61794K, committed 62080K, reserved 1103872K
  class space    used 6882K, capacity 8004K, committed 8064K, reserved 1048576K
GC Heap History (20 events):
Event: 2495.134 GC heap before
{Heap before GC invocations=131 (full 15):
 garbage-first heap   total 119808K, used 95788K [0x0000000086600000, 0x0000000100000000)
  region size 1024K, 26 young (26624K), 0 survivors (0K)
 Metaspace       used 57133K, capacity 59959K, committed 60288K, reserved 1101824K
  class space    used 6708K, capacity 7676K, committed 7808K, reserved 1048576K
}
Event: 2495.137 GC heap after
{Heap after GC invocations=132 (full 15):
 garbage-first heap   total 119808K, used 71003K [0x0000000086600000, 0x0000000100000000)
  region size 1024K, 2 young (2048K), 2 survivors (2048K)
 Metaspace       used 57133K, capacity 59959K, committed 60288K, reserved 1101824K
  class space    used 6708K, capacity 7676K, committed 7808K, reserved 1048576K
}
Event: 2495.375 GC heap before
{Heap before GC invocations=133 (full 15):
 garbage-first heap   total 119808K, used 96603K [0x0000000086600000, 0x0000000100000000)
  region size 1024K, 27 young (27648K), 2 survivors (2048K)
 Metaspace       used 57451K, capacity 60455K, committed 60544K, reserved 1101824K
  class space    used 6760K, capacity 7799K, committed 7808K, reserved 1048576K
}
Event: 2495.378 GC heap after
{Heap after GC invocations=134 (full 15):
 garbage-first heap   total 119808K, used 72022K [0x0000000086600000, 0x0000000100000000)
  region size 1024K, 3 young (3072K), 3 survivors (3072K)
 Metaspace       used 57451K, capacity 60455K, committed 60544K, reserved 1101824K
  class space    used 6760K, capacity 7799K, committed 7808K, reserved 1048576K
}
Event: 2495.669 GC heap before
{Heap before GC invocations=134 (full 15):
 garbage-first heap   total 119808K, used 96598K [0x0000000086600000, 0x0000000100000000)
  region size 1024K, 28 young (28672K), 3 survivors (3072K)
 Metaspace       used 57837K, capacity 60926K, committed 61184K, reserved 1101824K
  class space    used 6799K, capacity 7855K, committed 7936K, reserved 1048576K
}
Event: 2495.677 GC heap after
{Heap after GC invocations=135 (full 15):
 garbage-first heap   total 119808K, used 72775K [0x0000000086600000, 0x0000000100000000)
  region size 1024K, 3 young (3072K), 3 survivors (3072K)
 Metaspace       used 57837K, capacity 60926K, committed 61184K, reserved 1101824K
  class space    used 6799K, capacity 7855K, committed 7936K, reserved 1048576K
}
Event: 2495.906 GC heap before
{Heap before GC invocations=136 (full 15):
 garbage-first heap   total 119808K, used 97351K [0x0000000086600000, 0x0000000100000000)
  region size 1024K, 27 young (27648K), 3 survivors (3072K)
 Metaspace       used 57961K, capacity 61121K, committed 61184K, reserved 1101824K
  class space    used 6825K, capacity 7904K, committed 7936K, reserved 1048576K
}
Event: 2495.909 GC heap after
{Heap after GC invocations=137 (full 15):
 garbage-first heap   total 119808K, used 73711K [0x0000000086600000, 0x0000000100000000)
  region size 1024K, 3 young (3072K), 3 survivors (3072K)
 Metaspace       used 57961K, capacity 61121K, committed 61184K, reserved 1101824K
  class space    used 6825K, capacity 7904K, committed 7936K, reserved 1048576K
}
Event: 2499.282 GC heap before
{Heap before GC invocations=137 (full 15):
 garbage-first heap   total 119808K, used 99311K [0x0000000086600000, 0x0000000100000000)
  region size 1024K, 28 young (28672K), 3 survivors (3072K)
 Metaspace       used 58155K, capacity 61379K, committed 61568K, reserved 1103872K
  class space    used 6855K, capacity 7956K, committed 8064K, reserved 1048576K
}
Event: 2499.291 GC heap after
{Heap after GC invocations=138 (full 15):
 garbage-first heap   total 119808K, used 74876K [0x0000000086600000, 0x0000000100000000)
  region size 1024K, 4 young (4096K), 4 survivors (4096K)
 Metaspace       used 58155K, capacity 61379K, committed 61568K, reserved 1103872K
  class space    used 6855K, capacity 7956K, committed 8064K, reserved 1048576K
}
Event: 2555.525 GC heap before
{Heap before GC invocations=139 (full 15):
 garbage-first heap   total 119808K, used 92284K [0x0000000086600000, 0x0000000100000000)
  region size 1024K, 22 young (22528K), 4 survivors (4096K)
 Metaspace       used 58254K, capacity 61470K, committed 61824K, reserved 1103872K
  class space    used 6863K, capacity 7962K, committed 8064K, reserved 1048576K
}
Event: 2555.604 GC heap after
{Heap after GC invocations=140 (full 16):
 garbage-first heap   total 126976K, used 73336K [0x0000000086600000, 0x0000000100000000)
  region size 1024K, 0 young (0K), 0 survivors (0K)
 Metaspace       used 58239K, capacity 61446K, committed 61824K, reserved 1103872K
  class space    used 6861K, capacity 7958K, committed 8064K, reserved 1048576K
}
Event: 2556.028 GC heap before
{Heap before GC invocations=140 (full 16):
 garbage-first heap   total 126976K, used 100984K [0x0000000086600000, 0x0000000100000000)
  region size 1024K, 27 young (27648K), 0 survivors (0K)
 Metaspace       used 58283K, capacity 61534K, committed 61824K, reserved 1103872K
  class space    used 6868K, capacity 7966K, committed 8064K, reserved 1048576K
}
Event: 2556.032 GC heap after
{Heap after GC invocations=141 (full 16):
 garbage-first heap   total 126976K, used 75188K [0x0000000086600000, 0x0000000100000000)
  region size 1024K, 2 young (2048K), 2 survivors (2048K)
 Metaspace       used 58283K, capacity 61534K, committed 61824K, reserved 1103872K
  class space    used 6868K, capacity 7966K, committed 8064K, reserved 1048576K
}
Event: 2556.262 GC heap before
{Heap before GC invocations=142 (full 16):
 garbage-first heap   total 126976K, used 101812K [0x0000000086600000, 0x0000000100000000)
  region size 1024K, 29 young (29696K), 2 survivors (2048K)
 Metaspace       used 58303K, capacity 61566K, committed 61824K, reserved 1103872K
  class space    used 6869K, capacity 7998K, committed 8064K, reserved 1048576K
}
Event: 2556.265 GC heap after
{Heap after GC invocations=143 (full 16):
 garbage-first heap   total 126976K, used 76327K [0x0000000086600000, 0x0000000100000000)
  region size 1024K, 3 young (3072K), 3 survivors (3072K)
 Metaspace       used 58303K, capacity 61566K, committed 61824K, reserved 1103872K
  class space    used 6869K, capacity 7998K, committed 8064K, reserved 1048576K
}
Event: 2556.488 GC heap before
{Heap before GC invocations=143 (full 16):
 garbage-first heap   total 126976K, used 103975K [0x0000000086600000, 0x0000000100000000)
  region size 1024K, 30 young (30720K), 3 survivors (3072K)
 Metaspace       used 58508K, capacity 61794K, committed 62080K, reserved 1103872K
  class space    used 6881K, capacity 8004K, committed 8064K, reserved 1048576K
}
Event: 2556.507 GC heap after
{Heap after GC invocations=144 (full 16):
 garbage-first heap   total 126976K, used 77127K [0x0000000086600000, 0x0000000100000000)
  region size 1024K, 3 young (3072K), 3 survivors (3072K)
 Metaspace       used 58508K, capacity 61794K, committed 62080K, reserved 1103872K
  class space    used 6881K, capacity 8004K, committed 8064K, reserved 1048576K
}
Event: 2556.702 GC heap before
{Heap before GC invocations=145 (full 16):
 garbage-first heap   total 126976K, used 103751K [0x0000000086600000, 0x0000000100000000)
  region size 1024K, 29 young (29696K), 3 survivors (3072K)
 Metaspace       used 58513K, capacity 61794K, committed 62080K, reserved 1103872K
  class space    used 6881K, capacity 8004K, committed 8064K, reserved 1048576K
}
Event: 2556.704 GC heap after
{Heap after GC invocations=146 (full 16):
 garbage-first heap   total 126976K, used 77754K [0x0000000086600000, 0x0000000100000000)
  region size 1024K, 3 young (3072K), 3 survivors (3072K)
 Metaspace       used 58513K, capacity 61794K, committed 62080K, reserved 1103872K
  class space    used 6881K, capacity 8004K, committed 8064K, reserved 1048576K
}

